This is pdfTeX, Version 3.14159265-2.6-1.40.18 (TeX Live 2017) (preloaded format=pdflatex 2017.5.23)  16 APR 2018 03:27
entering extended mode
 restricted \write18 enabled.
 %&-line parsing enabled.
**referencias.tex
(./referencias.tex
LaTeX2e <2017-04-15>
Babel <3.10> and hyphenation patterns for 84 language(s) loaded.

! LaTeX Error: Environment thebibliography undefined.

See the LaTeX manual or LaTeX Companion for explanation.
Type  H <return>  for immediate help.
 ...                                              
                                                  
l.1 \begin{thebibliography}
                           {X}
Your command was ignored.
Type  I <command> <return>  to replace it with another command,
or  <return>  to continue without it.


! LaTeX Error: Missing \begin{document}.

See the LaTeX manual or LaTeX Companion for explanation.
Type  H <return>  for immediate help.
 ...                                              
                                                  
l.1 \begin{thebibliography}{X
                             }
You're in trouble here.  Try typing  <return>  to proceed.
If that doesn't work, type  X <return>  to quit.

Missing character: There is no X in font nullfont!

Overfull \hbox (20.0pt too wide) in paragraph at lines 1--2
[] 
 []


! LaTeX Error: Lonely \item--perhaps a missing list environment.

See the LaTeX manual or LaTeX Companion for explanation.
Type  H <return>  for immediate help.
 ...                                              
                                                  
l.3 \bibitem{Exc}
                  \textsc{http://www.excelsior.com.mx/nacional/2018/02/09/12...

Try typing  <return>  to proceed.
If that doesn't work, type  X <return>  to quit.

! Undefined control sequence.
<argument> \@listctr 
                     
l.3 \bibitem{Exc}
                  \textsc{http://www.excelsior.com.mx/nacional/2018/02/09/12...
The control sequence at the end of the top line
of your error message was never \def'ed. If you have
misspelled it (e.g., `\hobx'), type `I' and the correct
spelling (e.g., `I\hbox'). Otherwise just continue,
and I'll forget about whatever was undefined.

! You can't use `\relax' after \the.
<recently read> \c@ 
                    
l.3 \bibitem{Exc}
                  \textsc{http://www.excelsior.com.mx/nacional/2018/02/09/12...
I'm forgetting what you said and using zero instead.

\bibcite{Exc}{0}

Overfull \hbox (309.14229pt too wide) in paragraph at lines 3--4
\OT1/cmr/m/sc/10 http://www.excelsior.com.mx/nacional/2018/02/09/1219223 
 []


! LaTeX Error: Lonely \item--perhaps a missing list environment.

See the LaTeX manual or LaTeX Companion for explanation.
Type  H <return>  for immediate help.
 ...                                              
                                                  
l.4 \bibitem{Rev}
                  \textsc{http://www.revistalatinacs.org/073paper/1264/RLCS-...

Try typing  <return>  to proceed.
If that doesn't work, type  X <return>  to quit.

! Undefined control sequence.
<argument> \@listctr 
                     
l.4 \bibitem{Rev}
                  \textsc{http://www.revistalatinacs.org/073paper/1264/RLCS-...
The control sequence at the end of the top line
of your error message was never \def'ed. If you have
misspelled it (e.g., `\hobx'), type `I' and the correct
spelling (e.g., `I\hbox'). Otherwise just continue,
and I'll forget about whatever was undefined.

! You can't use `\relax' after \the.
<recently read> \c@ 
                    
l.4 \bibitem{Rev}
                  \textsc{http://www.revistalatinacs.org/073paper/1264/RLCS-...
I'm forgetting what you said and using zero instead.

\bibcite{Rev}{0}

Overfull \hbox (282.66469pt too wide) in paragraph at lines 4--5
\OT1/cmr/m/sc/10 http://www.revistalatinacs.org/073paper/1264/RLCS-
 []


Overfull \hbox (70.70508pt too wide) in paragraph at lines 4--5
\OT1/cmr/m/sc/10 paper1264.pdf 
 []


! LaTeX Error: Lonely \item--perhaps a missing list environment.

See the LaTeX manual or LaTeX Companion for explanation.
Type  H <return>  for immediate help.
 ...                                              
                                                  
l.5 \bibitem{Map}
                  \textsc{https://www.mapbox.com/about/}
Try typing  <return>  to proceed.
If that doesn't work, type  X <return>  to quit.

! Undefined control sequence.
<argument> \@listctr 
                     
l.5 \bibitem{Map}
                  \textsc{https://www.mapbox.com/about/}
The control sequence at the end of the top line
of your error message was never \def'ed. If you have
misspelled it (e.g., `\hobx'), type `I' and the correct
spelling (e.g., `I\hbox'). Otherwise just continue,
and I'll forget about whatever was undefined.

! You can't use `\relax' after \the.
<recently read> \c@ 
                    
l.5 \bibitem{Map}
                  \textsc{https://www.mapbox.com/about/}
I'm forgetting what you said and using zero instead.

\bibcite{Map}{0}

Overfull \hbox (172.18239pt too wide) in paragraph at lines 5--6
\OT1/cmr/m/sc/10 https://www.mapbox.com/about/ 
 []


! LaTeX Error: Lonely \item--perhaps a missing list environment.

See the LaTeX manual or LaTeX Companion for explanation.
Type  H <return>  for immediate help.
 ...                                              
                                                  
l.6 \bibitem{Orc}
                  \textsc{https://www.oracle.com/lad/mysql/index.html}
Try typing  <return>  to proceed.
If that doesn't work, type  X <return>  to quit.

! Undefined control sequence.
<argument> \@listctr 
                     
l.6 \bibitem{Orc}
                  \textsc{https://www.oracle.com/lad/mysql/index.html}
The control sequence at the end of the top line
of your error message was never \def'ed. If you have
misspelled it (e.g., `\hobx'), type `I' and the correct
spelling (e.g., `I\hbox'). Otherwise just continue,
and I'll forget about whatever was undefined.

! You can't use `\relax' after \the.
<recently read> \c@ 
                    
l.6 \bibitem{Orc}
                  \textsc{https://www.oracle.com/lad/mysql/index.html}
I'm forgetting what you said and using zero instead.

\bibcite{Orc}{0}

Overfull \hbox (247.17084pt too wide) in paragraph at lines 6--7
\OT1/cmr/m/sc/10 https://www.oracle.com/lad/mysql/index.html 
 []


! LaTeX Error: Lonely \item--perhaps a missing list environment.

See the LaTeX manual or LaTeX Companion for explanation.
Type  H <return>  for immediate help.
 ...                                              
                                                  
l.7 \bibitem{Ine}
                  \textsc{http://www.inegi.org.mx/geo/contenidos/geodesia/gp...

Try typing  <return>  to proceed.
If that doesn't work, type  X <return>  to quit.

! Undefined control sequence.
<argument> \@listctr 
                     
l.7 \bibitem{Ine}
                  \textsc{http://www.inegi.org.mx/geo/contenidos/geodesia/gp...
The control sequence at the end of the top line
of your error message was never \def'ed. If you have
misspelled it (e.g., `\hobx'), type `I' and the correct
spelling (e.g., `I\hbox'). Otherwise just continue,
and I'll forget about whatever was undefined.

! You can't use `\relax' after \the.
<recently read> \c@ 
                    
l.7 \bibitem{Ine}
                  \textsc{http://www.inegi.org.mx/geo/contenidos/geodesia/gp...
I'm forgetting what you said and using zero instead.

\bibcite{Ine}{0}

Overfull \hbox (348.80075pt too wide) in paragraph at lines 7--8
\OT1/cmr/m/sc/10 http://www.inegi.org.mx/geo/contenidos/geodesia/gps.aspx?dv=c1
 
 []


! LaTeX Error: Lonely \item--perhaps a missing list environment.

See the LaTeX manual or LaTeX Companion for explanation.
Type  H <return>  for immediate help.
 ...                                              
                                                  
l.8 \bibitem{Php}
                  \textsc{http://php.net/manual/es/intro-whatis.php}
Try typing  <return>  to proceed.
If that doesn't work, type  X <return>  to quit.

! Undefined control sequence.
<argument> \@listctr 
                     
l.8 \bibitem{Php}
                  \textsc{http://php.net/manual/es/intro-whatis.php}
The control sequence at the end of the top line
of your error message was never \def'ed. If you have
misspelled it (e.g., `\hobx'), type `I' and the correct
spelling (e.g., `I\hbox'). Otherwise just continue,
and I'll forget about whatever was undefined.

! You can't use `\relax' after \the.
<recently read> \c@ 
                    
l.8 \bibitem{Php}
                  \textsc{http://php.net/manual/es/intro-whatis.php}
I'm forgetting what you said and using zero instead.

\bibcite{Php}{0}

Overfull \hbox (170.76009pt too wide) in paragraph at lines 8--9
\OT1/cmr/m/sc/10 http://php.net/manual/es/intro-
 []


Overfull \hbox (53.9497pt too wide) in paragraph at lines 8--9
\OT1/cmr/m/sc/10 whatis.php 
 []


! LaTeX Error: Lonely \item--perhaps a missing list environment.

See the LaTeX manual or LaTeX Companion for explanation.
Type  H <return>  for immediate help.
 ...                                              
                                                  
l.9 \bibitem{Jav}
                  \textsc{https://developer.mozilla.org/es/docs/Web/JavaScri...

Try typing  <return>  to proceed.
If that doesn't work, type  X <return>  to quit.

! Undefined control sequence.
<argument> \@listctr 
                     
l.9 \bibitem{Jav}
                  \textsc{https://developer.mozilla.org/es/docs/Web/JavaScri...
The control sequence at the end of the top line
of your error message was never \def'ed. If you have
misspelled it (e.g., `\hobx'), type `I' and the correct
spelling (e.g., `I\hbox'). Otherwise just continue,
and I'll forget about whatever was undefined.

! You can't use `\relax' after \the.
<recently read> \c@ 
                    
l.9 \bibitem{Jav}
                  \textsc{https://developer.mozilla.org/es/docs/Web/JavaScri...
I'm forgetting what you said and using zero instead.

\bibcite{Jav}{0}

Overfull \hbox (399.7892pt too wide) in paragraph at lines 9--10
\OT1/cmr/m/sc/10 https://developer.mozilla.org/es/docs/Web/JavaScript/AcercadeJ
avaScript 
 []


! LaTeX Error: Lonely \item--perhaps a missing list environment.

See the LaTeX manual or LaTeX Companion for explanation.
Type  H <return>  for immediate help.
 ...                                              
                                                  
l.10 \bibitem{Lar}
                   \textsc{https://www.arsys.es/blog/programacion/que-es-lar...

Try typing  <return>  to proceed.
If that doesn't work, type  X <return>  to quit.

! Undefined control sequence.
<argument> \@listctr 
                     
l.10 \bibitem{Lar}
                   \textsc{https://www.arsys.es/blog/programacion/que-es-lar...
The control sequence at the end of the top line
of your error message was never \def'ed. If you have
misspelled it (e.g., `\hobx'), type `I' and the correct
spelling (e.g., `I\hbox'). Otherwise just continue,
and I'll forget about whatever was undefined.

! You can't use `\relax' after \the.
<recently read> \c@ 
                    
l.10 \bibitem{Lar}
                   \textsc{https://www.arsys.es/blog/programacion/que-es-lar...
I'm forgetting what you said and using zero instead.

\bibcite{Lar}{0}
)
Runaway argument?
{https://www.arsys.es/blog/programacion/que-es-laravel/ \bibitem {NHL\ETC.
! File ended while scanning use of \textsc .
<inserted text> 
                \par 
<*> referencias.tex
                   
I suspect you have forgotten a `}', causing me
to read past where you wanted me to stop.
I'll try to recover; but if the error is serious,
you'd better type `E' or `X' now and fix your file.

! Emergency stop.
<*> referencias.tex
                   
*** (job aborted, no legal \end found)

 
Here is how much of TeX's memory you used:
 11 strings out of 492995
 192 string characters out of 6132704
 55074 words of memory out of 5000000
 3663 multiletter control sequences out of 15000+600000
 3941 words of font info for 15 fonts, out of 8000000 for 9000
 1141 hyphenation exceptions out of 8191
 13i,1n,10p,128b,84s stack positions out of 5000i,500n,10000p,200000b,80000s
!  ==> Fatal error occurred, no output PDF file produced!
